<?xml version="1.0" encoding="UTF-8"?>
<!-- Generated by org.testng.reporters.JUnitReportReporter -->
<testsuite skipped="0" hostname="LAPTOP-4352LHDG" name="com.saucedemo.utility.Dataprovider" tests="1" failures="0" timestamp="2022-08-27T01:30:05 IST" time="0.652" errors="0">
  <testcase name="TestDataprovider" time="0.652" classname="com.saucedemo.utility.Dataprovider"/>
  <system-out/>
</testsuite> <!-- com.saucedemo.utility.Dataprovider -->
