<?xml version="1.0" encoding="UTF-8"?>
<!-- Generated by org.testng.reporters.JUnitReportReporter -->
<testsuite skipped="0" hostname="LAPTOP-4352LHDG" name="com.saucedemo.testcases.logintestsourcedemo" tests="1" failures="0" timestamp="2023-02-13T17:46:11 IST" time="10.683" errors="0">
  <testcase name="loginapp" time="10.683" classname="com.saucedemo.testcases.logintestsourcedemo"/>
  <system-out/>
</testsuite> <!-- com.saucedemo.testcases.logintestsourcedemo -->
